<?xml version="1.0" encoding="UTF-8"?>
<!-- Generated by org.testng.reporters.JUnitXMLReporter -->
<testsuite ignored="1" hostname="Stephanies-MacBook-Air.local" failures="0" tests="1" name="Default test" time="15.732" errors="0" timestamp="2023-08-09T13:41:05 EDT">
  <testcase classname="org.selenium.pom.tests.FirstTestCase" name="loginAndCheckoutUsingDirectBankTransfer" time="12.768"/>
  <testcase classname="org.selenium.pom.tests.FirstTestCase" name="guestCheckoutUsingDirectBankTransfer" time="0.0">
    <ignored/>
  </testcase> <!-- guestCheckoutUsingDirectBankTransfer -->
</testsuite> <!-- Default test -->
