<?xml version="1.0" encoding="UTF-8"?>
<!-- Generated by org.testng.reporters.JUnitXMLReporter -->
<testsuite ignored="0" hostname="Stephanies-MacBook-Air.local" failures="0" tests="2" name="Chrome" time="15.048" errors="0" timestamp="2023-08-09T12:27:30 EDT">
  <testcase classname="org.selenium.pom.tests.FirstTestCase" name="guestCheckoutUsingDirectBankTransfer" time="9.42"/>
  <testcase classname="org.selenium.pom.tests.FirstTestCase" name="loginAndCheckoutUsingDirectBankTransfer" time="11.35"/>
</testsuite> <!-- Chrome -->
