<?xml version="1.0" encoding="UTF-8"?>
<!-- Generated by org.testng.reporters.JUnitXMLReporter -->
<testsuite ignored="0" hostname="Stephanies-MacBook-Air.local" failures="0" tests="2" name="Regression1" time="24.825" errors="0" timestamp="2023-08-08T13:29:01 EDT">
  <testcase classname="org.selenium.pom.tests.FirstTestCase" name="guestCheckoutUsingDirectBankTransfer" time="9.037"/>
  <testcase classname="org.selenium.pom.tests.FirstTestCase" name="loginAndCheckoutUsingDirectBankTransfer" time="9.597"/>
</testsuite> <!-- Regression1 -->
