<?xml version="1.0" encoding="UTF-8"?>
<testng-results ignored="0" total="1" passed="1" failed="0" skipped="0">
  <reporter-output>
  </reporter-output>
  <suite started-at="2023-08-09T18:44:41 EDT" name="Default suite" finished-at="2023-08-09T18:44:46 EDT" duration-ms="5589">
    <groups>
    </groups>
    <test started-at="2023-08-09T18:44:41 EDT" name="Default test" finished-at="2023-08-09T18:44:46 EDT" duration-ms="5589">
      <class name="org.selenium.pom.tests.AddToCart">
        <test-method is-config="true" signature="startDriver(java.lang.String)[pri:0, instance:org.selenium.pom.tests.AddToCart@7714e963]" started-at="2023-08-09T18:44:41 EDT" name="startDriver" finished-at="2023-08-09T18:44:44 EDT" duration-ms="2833" status="PASS">
          <params>
            <param index="0">
              <value is-null="true"/>
            </param>
          </params>
          <reporter-output>
          </reporter-output>
        </test-method> <!-- startDriver -->
        <test-method signature="addToCartFromStorePage()[pri:0, instance:org.selenium.pom.tests.AddToCart@7714e963]" started-at="2023-08-09T18:44:44 EDT" name="addToCartFromStorePage" finished-at="2023-08-09T18:44:46 EDT" duration-ms="2620" status="PASS">
          <reporter-output>
          </reporter-output>
        </test-method> <!-- addToCartFromStorePage -->
        <test-method is-config="true" signature="quitDriver()[pri:0, instance:org.selenium.pom.tests.AddToCart@7714e963]" started-at="2023-08-09T18:44:46 EDT" name="quitDriver" finished-at="2023-08-09T18:44:46 EDT" duration-ms="109" status="PASS">
          <reporter-output>
          </reporter-output>
        </test-method> <!-- quitDriver -->
      </class> <!-- org.selenium.pom.tests.AddToCart -->
    </test> <!-- Default test -->
  </suite> <!-- Default suite -->
</testng-results>
